31.03.2020 01:11:42:5833 WirelessManagement------>_IlockServices_DataReveived : GeneralUtils, 1.0.2.0: 
3/31/2020 1:11:42 AM->
Access Point physical address  : 426327873
I-lock Physical address : 13107200 ->ID1: 200
Transaction retry count : 0
Signal Strength : -32
Message ID : 113
Data RCv   :  0xC8010E7905030B011F03E407E70101010089
PACKAGE RECEIVED  :  3/31/2020 1:11:42 AM
TIME ELAPSED SINCE THE LAST PACKAGE  - Seconds :14367.4838074 s, Milliseconds: 14367484.8081 ms

__________________________

31.03.2020 01:11:43:0421 WirelessManagement------>_IlockServices_DataReveived : GeneralUtils, 1.0.2.0: 
Response Data Send  ( req/resp ack - (MSGID) 113 - lockid-> 200 ) :  0x200180A1
Executing Time: 0.4598654 seconds. - 459.8654ms.

__________________________

31.03.2020 01:11:43:0601 WirelessManagement------>_IlockServices_DataReveived : GeneralUtils, 1.0.2.0: 
------------------------------------  (Previously received data -> Alive Data) --------------------------------------
Lock State : NORMAL_CLOSE
Lock Alarm : DOOR_CONTACT_CLOSED
Lock Id : 13107200 -> 101
Lock Date : 31.03.2020 01:11:00
Fw Version : 14.01.03
Battery : 1
Voltage : 6.28112459182739 v
Executing Time: 0.4778531 seconds. - 477.8531ms.

__________________________

31.03.2020 01:11:43:2256 WirelessManagement------>_IlockServices_DataAcknowledged : GeneralUtils, 1.0.2.0: 3/31/2020 1:11:43 AM->Access point Message acknowledgement: True
Access Point physical address  : 426327873
Ilock Name/address : 101
Message ID : 113
Error code : 0
Server side ID : False


__________________________

31.03.2020 02:11:33:6437 WirelessManagement------>_IlockServices_DataReveived : GeneralUtils, 1.0.2.0: 
3/31/2020 2:11:33 AM->
Access Point physical address  : 426327873
I-lock Physical address : 13107200 ->ID1: 200
Transaction retry count : 0
Signal Strength : -31
Message ID : 114
Data RCv   :  0xC8010E7905030B021F03E407E70121010088
PACKAGE RECEIVED  :  3/31/2020 2:11:33 AM
TIME ELAPSED SINCE THE LAST PACKAGE  - Seconds :3591.0493992 s, Milliseconds: 3591049.3992 ms

__________________________

31.03.2020 02:11:33:9095 WirelessManagement------>_IlockServices_DataReveived : GeneralUtils, 1.0.2.0: 
Response Data Send  ( req/resp ack - (MSGID) 114 - lockid-> 200 ) :  0x200180A1
Executing Time: 0.2658457 seconds. - 265.8457ms.

__________________________

31.03.2020 02:11:33:9235 WirelessManagement------>_IlockServices_DataReveived : GeneralUtils, 1.0.2.0: 
------------------------------------  (Previously received data -> Alive Data) --------------------------------------
Lock State : NORMAL_CLOSE
Lock Alarm : DOOR_CONTACT_CLOSED
Lock Id : 13107200 -> 101
Lock Date : 31.03.2020 02:11:00
Fw Version : 14.01.03
Battery : 1
Voltage : 6.28112459182739 v
Executing Time: 0.2808378 seconds. - 280.8378ms.

__________________________

31.03.2020 02:11:34:2979 WirelessManagement------>_IlockServices_DataAcknowledged : GeneralUtils, 1.0.2.0: 3/31/2020 2:11:34 AM->Access point Message acknowledgement: True
Access Point physical address  : 426327873
Ilock Name/address : 101
Message ID : 114
Error code : 0
Server side ID : False


__________________________

31.03.2020 02:21:01:0056 WirelessManagement------>_IlockServices_DataReveived : GeneralUtils, 1.0.2.0: 
3/31/2020 2:21:01 AM->
Access Point physical address  : 426327873
I-lock Physical address : 13107200 ->ID1: 200
Transaction retry count : 0
Signal Strength : -32
Message ID : 115
Data RCv   :  0xC8010E79050314021F03E407E701010100A9
PACKAGE RECEIVED  :  3/31/2020 2:21:00 AM
TIME ELAPSED SINCE THE LAST PACKAGE  - Seconds :567.3569024 s, Milliseconds: 567356.9024 ms

__________________________

31.03.2020 02:21:01:2885 WirelessManagement------>_IlockServices_DataReveived : GeneralUtils, 1.0.2.0: 
Response Data Send  ( req/resp ack - (MSGID) 115 - lockid-> 200 ) :  0x200180A1
Executing Time: 0.2838606 seconds. - 283.8606ms.

__________________________

31.03.2020 02:21:01:3055 WirelessManagement------>_IlockServices_DataReveived : GeneralUtils, 1.0.2.0: 
------------------------------------  (Previously received data -> Alive Data) --------------------------------------
Lock State : NORMAL_CLOSE
Lock Alarm : DOOR_CONTACT_CLOSED
Lock Id : 13107200 -> 101
Lock Date : 31.03.2020 02:20:00
Fw Version : 14.01.03
Battery : 1
Voltage : 6.28112459182739 v
Executing Time: 0.3009025 seconds. - 300.9025ms.

__________________________

31.03.2020 02:21:01:6683 WirelessManagement------>_IlockServices_DataAcknowledged : GeneralUtils, 1.0.2.0: 3/31/2020 2:21:01 AM->Access point Message acknowledgement: True
Access Point physical address  : 426327873
Ilock Name/address : 101
Message ID : 115
Error code : 0
Server side ID : False


__________________________

31.03.2020 02:51:52:1103 WirelessManagement------>_IlockServices_DataReveived : GeneralUtils, 1.0.2.0: 
3/31/2020 2:51:52 AM->
Access Point physical address  : 426327873
I-lock Physical address : 13107200 ->ID1: 200
Transaction retry count : 0
Signal Strength : -30
Message ID : 116
Data RCv   :  0xC8010E79050333021F03E407E6011101008B
PACKAGE RECEIVED  :  3/31/2020 2:51:52 AM
TIME ELAPSED SINCE THE LAST PACKAGE  - Seconds :1851.0087031 s, Milliseconds: 1851008.7031 ms

__________________________

31.03.2020 02:51:52:2792 WirelessManagement------>_IlockServices_DataReveived : GeneralUtils, 1.0.2.0: 
Response Data Send  ( req/resp ack - (MSGID) 116 - lockid-> 200 ) :  0x200180A1
Executing Time: 0.1689249 seconds. - 168.9249ms.

__________________________

31.03.2020 02:51:52:2932 WirelessManagement------>_IlockServices_DataReveived : GeneralUtils, 1.0.2.0: 
------------------------------------  (Previously received data -> Alive Data) --------------------------------------
Lock State : NORMAL_CLOSE
Lock Alarm : DOOR_CONTACT_CLOSED
Lock Id : 13107200 -> 101
Lock Date : 31.03.2020 02:51:00
Fw Version : 14.01.03
Battery : 1
Voltage : 6.28112459182739 v
Executing Time: 0.1819182 seconds. - 181.9182ms.

__________________________

31.03.2020 02:51:52:7743 WirelessManagement------>_IlockServices_DataAcknowledged : GeneralUtils, 1.0.2.0: 3/31/2020 2:51:52 AM->Access point Message acknowledgement: True
Access Point physical address  : 426327873
Ilock Name/address : 101
Message ID : 116
Error code : 0
Server side ID : False


__________________________

31.03.2020 02:54:10:6133 WirelessManagement------>_IlockServices_DataReveived : GeneralUtils, 1.0.2.0: 
3/31/2020 2:54:10 AM->
Access Point physical address  : 426327873
I-lock Physical address : 13107200 ->ID1: 200
Transaction retry count : 0
Signal Strength : -32
Message ID : 117
Data RCv   :  0xC8010E79050335021F03E407E70111010085
PACKAGE RECEIVED  :  3/31/2020 2:54:10 AM
TIME ELAPSED SINCE THE LAST PACKAGE  - Seconds :138.4930459 s, Milliseconds: 138494.0446 ms

__________________________

31.03.2020 02:54:10:6473 WirelessManagement------>_IlockServices_DataReveived : GeneralUtils, 1.0.2.0: 
Response Data Send  ( req/resp ack - (MSGID) 117 - lockid-> 200 ) :  0x200180A1
Executing Time: 0.0349785 seconds. - 34.9785ms.

__________________________

31.03.2020 02:54:10:6603 WirelessManagement------>_IlockServices_DataReveived : GeneralUtils, 1.0.2.0: 
------------------------------------  (Previously received data -> Alive Data) --------------------------------------
Lock State : NORMAL_CLOSE
Lock Alarm : DOOR_CONTACT_CLOSED
Lock Id : 13107200 -> 101
Lock Date : 31.03.2020 02:53:00
Fw Version : 14.01.03
Battery : 1
Voltage : 6.28112459182739 v
Executing Time: 0.0479741 seconds. - 47.9741ms.

__________________________

31.03.2020 02:54:11:2340 WirelessManagement------>_IlockServices_DataAcknowledged : GeneralUtils, 1.0.2.0: 3/31/2020 2:54:11 AM->Access point Message acknowledgement: True
Access Point physical address  : 426327873
Ilock Name/address : 101
Message ID : 117
Error code : 0
Server side ID : False


__________________________

31.03.2020 03:22:53:7409 WirelessManagement------>_IlockServices_DataReveived : GeneralUtils, 1.0.2.0: 
3/31/2020 3:22:53 AM->
Access Point physical address  : 426327873
I-lock Physical address : 13107200 ->ID1: 200
Transaction retry count : 0
Signal Strength : -32
Message ID : 118
Data RCv   :  0xC8010E79050316031F03E407E70101010063
PACKAGE RECEIVED  :  3/31/2020 3:22:53 AM
TIME ELAPSED SINCE THE LAST PACKAGE  - Seconds :1723.1185371 s, Milliseconds: 1723118.5371 ms

__________________________

31.03.2020 03:22:53:9997 WirelessManagement------>_IlockServices_DataReveived : GeneralUtils, 1.0.2.0: 
Response Data Send  ( req/resp ack - (MSGID) 118 - lockid-> 200 ) :  0x200180A1
Executing Time: 0.2588462 seconds. - 258.8462ms.

__________________________

31.03.2020 03:22:54:0127 WirelessManagement------>_IlockServices_DataReveived : GeneralUtils, 1.0.2.0: 
------------------------------------  (Previously received data -> Alive Data) --------------------------------------
Lock State : NORMAL_CLOSE
Lock Alarm : DOOR_CONTACT_CLOSED
Lock Id : 13107200 -> 101
Lock Date : 31.03.2020 03:22:00
Fw Version : 14.01.03
Battery : 1
Voltage : 6.28112459182739 v
Executing Time: 0.2728387 seconds. - 272.8387ms.

__________________________

31.03.2020 03:22:54:3697 WirelessManagement------>_IlockServices_DataAcknowledged : GeneralUtils, 1.0.2.0: 3/31/2020 3:22:54 AM->Access point Message acknowledgement: True
Access Point physical address  : 426327873
Ilock Name/address : 101
Message ID : 118
Error code : 0
Server side ID : False


__________________________

31.03.2020 04:05:32:7500 WirelessManagement------>_IlockServices_DataReveived : GeneralUtils, 1.0.2.0: 
3/31/2020 4:05:32 AM->
Access Point physical address  : 426327873
I-lock Physical address : 13107200 ->ID1: 200
Transaction retry count : 0
Signal Strength : -33
Message ID : 119
Data RCv   :  0xC8010E79050305041F03E407E601110100BE
PACKAGE RECEIVED  :  3/31/2020 4:05:32 AM
TIME ELAPSED SINCE THE LAST PACKAGE  - Seconds :2558.9991419 s, Milliseconds: 2558999.1419 ms

__________________________

31.03.2020 04:05:33:3189 WirelessManagement------>_IlockServices_DataReveived : GeneralUtils, 1.0.2.0: 
Response Data Send  ( req/resp ack - (MSGID) 119 - lockid-> 200 ) :  0x200180A1
Executing Time: 0.5699057 seconds. - 569.9057ms.

__________________________

31.03.2020 04:05:33:3349 WirelessManagement------>_IlockServices_DataReveived : GeneralUtils, 1.0.2.0: 
------------------------------------  (Previously received data -> Alive Data) --------------------------------------
Lock State : NORMAL_CLOSE
Lock Alarm : DOOR_CONTACT_CLOSED
Lock Id : 13107200 -> 101
Lock Date : 31.03.2020 04:05:00
Fw Version : 14.01.03
Battery : 1
Voltage : 6.28112459182739 v
Executing Time: 0.5848985 seconds. - 584.8985ms.

__________________________

31.03.2020 04:05:33:3799 WirelessManagement------>_IlockServices_DataAcknowledged : GeneralUtils, 1.0.2.0: 3/31/2020 4:05:33 AM->Access point Message acknowledgement: True
Access Point physical address  : 426327873
Ilock Name/address : 101
Message ID : 119
Error code : 0
Server side ID : False


__________________________

31.03.2020 04:32:53:8097 DataAccessLayer------>ExecuteQuery : GeneralUtils, 1.0.2.0:    at System.Data.Entity.Core.EntityClient.EntityConnection.<OpenAsync>d__8.MoveNext()
--- End of stack trace from previous location where exception was thrown ---
   at System.Runtime.ExceptionServices.ExceptionDispatchInfo.Throw()
   at System.Runtime.CompilerServices.TaskAwaiter.HandleNonSuccessAndDebuggerNotification(Task task)
   at System.Data.Entity.Core.Objects.ObjectContext.<EnsureConnectionAsync>d__9.MoveNext()
--- End of stack trace from previous location where exception was thrown ---
   at System.Runtime.ExceptionServices.ExceptionDispatchInfo.Throw()
   at System.Runtime.CompilerServices.TaskAwaiter.HandleNonSuccessAndDebuggerNotification(Task task)
   at System.Data.Entity.Core.Objects.ObjectContext.<ExecuteInTransactionAsync>d__3d`1.MoveNext()
--- End of stack trace from previous location where exception was thrown ---
   at System.Runtime.ExceptionServices.ExceptionDispatchInfo.Throw()
   at System.Runtime.CompilerServices.TaskAwaiter.HandleNonSuccessAndDebuggerNotification(Task task)
   at System.Data.Entity.Utilities.TaskExtensions.CultureAwaiter`1.GetResult()
   at System.Data.Entity.Core.Objects.ObjectContext.<ExecuteStoreQueryReliablyAsync>d__6c`1.MoveNext()
--- End of stack trace from previous location where exception was thrown ---
   at System.Runtime.ExceptionServices.ExceptionDispatchInfo.Throw()
   at System.Runtime.CompilerServices.TaskAwaiter.HandleNonSuccessAndDebuggerNotification(Task task)
   at System.Data.Entity.Utilities.TaskExtensions.CultureAwaiter`1.GetResult()
   at System.Data.Entity.Internal.LazyAsyncEnumerator`1.<FirstMoveNextAsync>d__0.MoveNext()
--- End of stack trace from previous location where exception was thrown ---
   at System.Runtime.ExceptionServices.ExceptionDispatchInfo.Throw()
   at System.Runtime.CompilerServices.TaskAwaiter.HandleNonSuccessAndDebuggerNotification(Task task)
   at System.Data.Entity.Infrastructure.IDbAsyncEnumerableExtensions.<ForEachAsync>d__5`1.MoveNext()
--- End of stack trace from previous location where exception was thrown ---
   at System.Runtime.ExceptionServices.ExceptionDispatchInfo.Throw()
   at System.Runtime.CompilerServices.TaskAwaiter.HandleNonSuccessAndDebuggerNotification(Task task)
   at DALRepository.Context.IntegraContext.B}3p>3\.II\\"rsfj3 `=Thn!A$`1.MoveNext()
__________________________

31.03.2020 04:32:54:6780 ServiceScheduler------>RunCheckInOuts : GeneralUtils, 1.0.2.0: Object reference not set to an instance of an object.
__________________________


------>31.03.2020 05:32:25:4095 DataAccessLayer------>ExecuteQuery : GeneralUtils, 1.0.2.0:    at System.Data.Entity.Core.EntityClient.EntityConnection.<OpenAsync>d__8.MoveNext()
--- End of stack trace from previous location where exception was thrown ---
   at System.Runtime.ExceptionServices.ExceptionDispatchInfo.Throw()
   at System.Runtime.CompilerServices.TaskAwaiter.HandleNonSuccessAndDebuggerNotification(Task task)
   at System.Data.Entity.Core.Objects.ObjectContext.<EnsureConnectionAsync>d__9.MoveNext()
--- End of stack trace from previous location where exception was thrown ---
   at System.Runtime.ExceptionServices.ExceptionDispatchInfo.Throw()
   at System.Runtime.CompilerServices.TaskAwaiter.HandleNonSuccessAndDebuggerNotification(Task task)
   at System.Data.Entity.Core.Objects.ObjectContext.<ExecuteInTransactionAsync>d__3d`1.MoveNext()
--- End of stack trace from previous location where exception was thrown ---
   at System.Runtime.ExceptionServices.ExceptionDispatchInfo.Throw()
   at System.Runtime.CompilerServices.TaskAwaiter.HandleNonSuccessAndDebuggerNotification(Task task)
   at System.Data.Entity.Utilities.TaskExtensions.CultureAwaiter`1.GetResult()
   at System.Data.Entity.Core.Objects.ObjectContext.<ExecuteStoreQueryReliablyAsync>d__6c`1.MoveNext()
--- End of stack trace from previous location where exception was thrown ---
   at System.Runtime.ExceptionServices.ExceptionDispatchInfo.Throw()
   at System.Runtime.CompilerServices.TaskAwaiter.HandleNonSuccessAndDebuggerNotification(Task task)
   at System.Data.Entity.Utilities.TaskExtensions.CultureAwaiter`1.GetResult()
   at System.Data.Entity.Internal.LazyAsyncEnumerator`1.<FirstMoveNextAsync>d__0.MoveNext()
--- End of stack trace from previous location where exception was thrown ---
   at System.Runtime.ExceptionServices.ExceptionDispatchInfo.Throw()
   at System.Runtime.CompilerServices.TaskAwaiter.HandleNonSuccessAndDebuggerNotification(Task task)
   at System.Data.Entity.Infrastructure.IDbAsyncEnumerableExtensions.<ForEachAsync>d__5`1.MoveNext()
--- End of stack trace from previous location where exception was thrown ---
   at System.Runtime.ExceptionServices.ExceptionDispatchInfo.Throw()
   at System.Runtime.CompilerServices.TaskAwaiter.HandleNonSuccessAndDebuggerNotification(Task task)
   at DALRepository.Context.IntegraContext.B}3p>3\.II\\"rsfj3 `=Thn!A$`1.MoveNext()
__________________________

31.03.2020 05:32:25:5001 ServiceScheduler------>RunCheckInOuts : GeneralUtils, 1.0.2.0: Object reference not set to an instance of an object.
__________________________


------>31.03.2020 09:34:23:6467 WirelessManagement------>_IlockServices_DataReveived : GeneralUtils, 1.0.2.0: 
3/31/2020 9:34:23 AM->
Access Point physical address  : 426327873
I-lock Physical address : 13107200 ->ID1: 200
Transaction retry count : 0
Signal Strength : -36
Message ID : 120
Data RCv   :  0xC8010E79050322091F03E407E60101010044
PACKAGE RECEIVED  :  3/31/2020 9:34:23 AM
TIME ELAPSED SINCE THE LAST PACKAGE  - Seconds :19730.8856564 s, Milliseconds: 19730885.6564 ms

__________________________

31.03.2020 09:34:23:8525 WirelessManagement------>_IlockServices_DataReveived : GeneralUtils, 1.0.2.0: 
Response Data Send  ( req/resp ack - (MSGID) 120 - lockid-> 200 ) :  0x200180A1
Executing Time: 0.2058805 seconds. - 205.8805ms.

__________________________

31.03.2020 09:34:23:8917 WirelessManagement------>_IlockServices_DataReveived : GeneralUtils, 1.0.2.0: 
------------------------------------  (Previously received data -> Alive Data) --------------------------------------
Lock State : NORMAL_CLOSE
Lock Alarm : DOOR_CONTACT_CLOSED
Lock Id : 13107200 -> 101
Lock Date : 31.03.2020 09:34:00
Fw Version : 14.01.03
Battery : 1
Voltage : 6.28112459182739 v
Executing Time: 0.2450593 seconds. - 245.0593ms.

__________________________

31.03.2020 09:34:24:2975 WirelessManagement------>_IlockServices_DataAcknowledged : GeneralUtils, 1.0.2.0: 3/31/2020 9:34:24 AM->Access point Message acknowledgement: True
Access Point physical address  : 426327873
Ilock Name/address : 101
Message ID : 120
Error code : 0
Server side ID : False


__________________________

31.03.2020 09:41:51:8504 WirelessManagement------>_IlockServices_DataReveived : GeneralUtils, 1.0.2.0: 
3/31/2020 9:41:51 AM->
Access Point physical address  : 426327873
I-lock Physical address : 13107200 ->ID1: 200
Transaction retry count : 0
Signal Strength : -33
Message ID : 121
Data RCv   :  0xC8010E79050329091F03E407E701010100DB
PACKAGE RECEIVED  :  3/31/2020 9:41:51 AM
TIME ELAPSED SINCE THE LAST PACKAGE  - Seconds :448.1478004 s, Milliseconds: 448147.8004 ms

__________________________

31.03.2020 09:41:52:0223 WirelessManagement------>_IlockServices_DataReveived : GeneralUtils, 1.0.2.0: 
Response Data Send  ( req/resp ack - (MSGID) 121 - lockid-> 200 ) :  0x200180A1
Executing Time: 0.1709133 seconds. - 170.9133ms.

__________________________

31.03.2020 09:41:52:0464 WirelessManagement------>_IlockServices_DataReveived : GeneralUtils, 1.0.2.0: 
------------------------------------  (Previously received data -> Alive Data) --------------------------------------
Lock State : NORMAL_CLOSE
Lock Alarm : DOOR_CONTACT_CLOSED
Lock Id : 13107200 -> 101
Lock Date : 31.03.2020 09:41:00
Fw Version : 14.01.03
Battery : 1
Voltage : 6.28112459182739 v
Executing Time: 0.1959646 seconds. - 195.9646ms.

__________________________

31.03.2020 09:41:52:5000 WirelessManagement------>_IlockServices_DataAcknowledged : GeneralUtils, 1.0.2.0: 3/31/2020 9:41:52 AM->Access point Message acknowledgement: True
Access Point physical address  : 426327873
Ilock Name/address : 101
Message ID : 121
Error code : 0
Server side ID : False


__________________________

31.03.2020 09:42:09:7025 WirelessManagement------>_IlockServices_DataReveived : GeneralUtils, 1.0.2.0: 
3/31/2020 9:42:09 AM->
Access Point physical address  : 426327873
I-lock Physical address : 13107200 ->ID1: 200
Transaction retry count : 0
Signal Strength : -30
Message ID : 122
Data RCv   :  0xC8010E79050329091F03E407E6010101006D
PACKAGE RECEIVED  :  3/31/2020 9:42:09 AM
TIME ELAPSED SINCE THE LAST PACKAGE  - Seconds :17.8380595 s, Milliseconds: 17838.0595 ms

__________________________

31.03.2020 09:42:09:7495 WirelessManagement------>_IlockServices_DataReveived : GeneralUtils, 1.0.2.0: 
Response Data Send  ( req/resp ack - (MSGID) 122 - lockid-> 200 ) :  0x200180A1
Executing Time: 0.0469826 seconds. - 46.9826ms.

__________________________

31.03.2020 09:42:09:7675 WirelessManagement------>_IlockServices_DataReveived : GeneralUtils, 1.0.2.0: 
------------------------------------  (Previously received data -> Alive Data) --------------------------------------
Lock State : NORMAL_CLOSE
Lock Alarm : DOOR_CONTACT_CLOSED
Lock Id : 13107200 -> 101
Lock Date : 31.03.2020 09:41:00
Fw Version : 14.01.03
Battery : 1
Voltage : 6.28112459182739 v
Executing Time: 0.0649561 seconds. - 64.9561ms.

__________________________

31.03.2020 09:42:10:3406 WirelessManagement------>_IlockServices_DataAcknowledged : GeneralUtils, 1.0.2.0: 3/31/2020 9:42:10 AM->Access point Message acknowledgement: True
Access Point physical address  : 426327873
Ilock Name/address : 101
Message ID : 122
Error code : 0
Server side ID : False


__________________________

31.03.2020 10:20:42:1218 WirelessManagement------>_IlockServices_DataReveived : GeneralUtils, 1.0.2.0: 
3/31/2020 10:20:42 AM->
Access Point physical address  : 426327873
I-lock Physical address : 13107200 ->ID1: 200
Transaction retry count : 0
Signal Strength : -32
Message ID : 123
Data RCv   :  0xC8010E790503140A1F03E407E7011101008B
PACKAGE RECEIVED  :  3/31/2020 10:20:42 AM
TIME ELAPSED SINCE THE LAST PACKAGE  - Seconds :2312.4052766 s, Milliseconds: 2312405.2766 ms

__________________________

31.03.2020 10:20:42:8070 WirelessManagement------>_IlockServices_DataReveived : GeneralUtils, 1.0.2.0: 
3/31/2020 10:20:42 AM->
Access Point physical address  : 426327873
I-lock Physical address : 13107200 ->ID1: 200
Transaction retry count : 0
Signal Strength : -32
Message ID : 379
Data RCv   :  0xC8010E790503140A1F03E407E7011101008B
PACKAGE RECEIVED  :  3/31/2020 10:20:42 AM
TIME ELAPSED SINCE THE LAST PACKAGE  - Seconds :0.6762066 s, Milliseconds: 676.2066 ms

__________________________

31.03.2020 10:20:42:8479 WirelessManagement------>_IlockServices_DataReveived : GeneralUtils, 1.0.2.0: 
Response Data Send  ( req/resp ack - (MSGID) 123 - lockid-> 200 ) :  0x200180A1
Executing Time: 0.0409652 seconds. - 40.9652ms.

__________________________

31.03.2020 10:20:42:8799 WirelessManagement------>_IlockServices_DataReveived : GeneralUtils, 1.0.2.0: 
------------------------------------  (Previously received data -> Alive Data) --------------------------------------
Lock State : NORMAL_CLOSE
Lock Alarm : DOOR_CONTACT_CLOSED
Lock Id : 13107200 -> 101
Lock Date : 31.03.2020 10:20:00
Fw Version : 14.01.03
Battery : 1
Voltage : 6.28112459182739 v
Executing Time: 0.0719457 seconds. - 71.9457ms.

__________________________

31.03.2020 10:20:42:9709 WirelessManagement------>_IlockServices_DataReveived : GeneralUtils, 1.0.2.0: 
Response Data Send  ( req/resp ack - (MSGID) 379 - lockid-> 200 ) :  0x200180A1
Executing Time: 0.1629061 seconds. - 162.9061ms.

__________________________

31.03.2020 10:20:42:9849 WirelessManagement------>_IlockServices_DataReveived : GeneralUtils, 1.0.2.0: 
------------------------------------  (Previously received data -> Alive Data) --------------------------------------
Lock State : NORMAL_CLOSE
Lock Alarm : DOOR_CONTACT_CLOSED
Lock Id : 13107200 -> 101
Lock Date : 31.03.2020 10:20:00
Fw Version : 14.01.03
Battery : 1
Voltage : 6.28112459182739 v
Executing Time: 0.1778902 seconds. - 177.8902ms.

__________________________

31.03.2020 10:20:43:4642 WirelessManagement------>_IlockServices_DataAcknowledged : GeneralUtils, 1.0.2.0: 3/31/2020 10:20:43 AM->Access point Message acknowledgement: True
Access Point physical address  : 426327873
Ilock Name/address : 101
Message ID : 379
Error code : 0
Server side ID : False


__________________________

31.03.2020 10:20:51:9801 WirelessManagement------>_IlockServices_DataAcknowledged : GeneralUtils, 1.0.2.0: 3/31/2020 10:20:51 AM->Access point Message acknowledgement: False
Access Point physical address  : 426327873
Ilock Name/address : 101
Message ID : 123
Error code : 0
Server side ID : False


__________________________

31.03.2020 10:24:59:0000 WirelessManagement------>_IlockServices_DataReveived : GeneralUtils, 1.0.2.0: 
3/31/2020 10:24:58 AM->
Access Point physical address  : 426327873
I-lock Physical address : 13107200 ->ID1: 200
Transaction retry count : 0
Signal Strength : -33
Message ID : 124
Data RCv   :  0xC8010E790503180A1F03E407E5010101008E
PACKAGE RECEIVED  :  3/31/2020 10:24:58 AM
TIME ELAPSED SINCE THE LAST PACKAGE  - Seconds :256.1830532 s, Milliseconds: 256183.0532 ms

__________________________

31.03.2020 10:24:59:0380 WirelessManagement------>_IlockServices_DataReveived : GeneralUtils, 1.0.2.0: 
Response Data Send  ( req/resp ack - (MSGID) 124 - lockid-> 200 ) :  0x200180A1
Executing Time: 0.0389578 seconds. - 38.9578ms.

__________________________

31.03.2020 10:24:59:0530 WirelessManagement------>_IlockServices_DataReveived : GeneralUtils, 1.0.2.0: 
------------------------------------  (Previously received data -> Alive Data) --------------------------------------
Lock State : NORMAL_CLOSE
Lock Alarm : DOOR_CONTACT_CLOSED
Lock Id : 13107200 -> 101
Lock Date : 31.03.2020 10:24:00
Fw Version : 14.01.03
Battery : 1
Voltage : 6.22650623321533 v
Executing Time: 0.0539845 seconds. - 53.9845ms.

__________________________

31.03.2020 10:24:59:6401 WirelessManagement------>_IlockServices_DataAcknowledged : GeneralUtils, 1.0.2.0: 3/31/2020 10:24:59 AM->Access point Message acknowledgement: True
Access Point physical address  : 426327873
Ilock Name/address : 101
Message ID : 124
Error code : 0
Server side ID : False


__________________________

31.03.2020 10:33:45:3066 WirelessManagement------>_IlockServices_DataReveived : GeneralUtils, 1.0.2.0: 
3/31/2020 10:33:45 AM->
Access Point physical address  : 426327873
I-lock Physical address : 13107200 ->ID1: 200
Transaction retry count : 0
Signal Strength : -30
Message ID : 125
Data RCv   :  0xC8010E790503210A1F03E407E6010101002B
PACKAGE RECEIVED  :  3/31/2020 10:33:45 AM
TIME ELAPSED SINCE THE LAST PACKAGE  - Seconds :526.2966119 s, Milliseconds: 526296.6119 ms

__________________________

31.03.2020 10:33:45:6261 WirelessManagement------>_IlockServices_DataReveived : GeneralUtils, 1.0.2.0: 
Response Data Send  ( req/resp ack - (MSGID) 125 - lockid-> 200 ) :  0x200180A1
Executing Time: 0.3204669 seconds. - 320.4669ms.

__________________________

31.03.2020 10:33:45:6789 WirelessManagement------>_IlockServices_DataReveived : GeneralUtils, 1.0.2.0: 
------------------------------------  (Previously received data -> Alive Data) --------------------------------------
Lock State : NORMAL_CLOSE
Lock Alarm : DOOR_CONTACT_CLOSED
Lock Id : 13107200 -> 101
Lock Date : 31.03.2020 10:33:00
Fw Version : 14.01.03
Battery : 1
Voltage : 6.28112459182739 v
Executing Time: 0.3732253 seconds. - 373.2253ms.

__________________________

31.03.2020 10:33:45:9582 WirelessManagement------>_IlockServices_DataAcknowledged : GeneralUtils, 1.0.2.0: 3/31/2020 10:33:45 AM->Access point Message acknowledgement: True
Access Point physical address  : 426327873
Ilock Name/address : 101
Message ID : 125
Error code : 0
Server side ID : False


__________________________

31.03.2020 11:08:14:5289 WirelessManagement------>_IlockServices_DataReveived : GeneralUtils, 1.0.2.0: 
3/31/2020 11:08:14 AM->
Access Point physical address  : 426327873
I-lock Physical address : 13107200 ->ID1: 200
Transaction retry count : 0
Signal Strength : -29
Message ID : 126
Data RCv   :  0xC8600E000019693F4100200001000000179B
PACKAGE RECEIVED  :  3/31/2020 11:08:14 AM
TIME ELAPSED SINCE THE LAST PACKAGE  - Seconds :2069.2011657 s, Milliseconds: 2069201.1657 ms

__________________________

31.03.2020 11:08:14:8270 WirelessManagement------>_IlockServices_DataReveived : GeneralUtils, 1.0.2.0: 
Response Data Send  ( req/resp ack - (MSGID) 126 - lockid-> 200 ) :  0x206080C0
Executing Time: 0.2990662 seconds. - 299.0662ms.

__________________________

31.03.2020 11:08:14:8967 WirelessManagement------>_IlockServices_DataReveived : GeneralUtils, 1.0.2.0: 
------------------------------------  (Previously received data -> Device Comm Diagnostic Data) --------------------------------------
Device : 13107200 -> 101
Access Point : 426327873 , 
Ap Channel  : 0 , 
Signal Strenght : -32 , 
Comm Retries : 1 , 
Comm Errors : 0 , 
Total Comm  : 23 , 
Preffered  : IS_BROADCAST_FIRST , 
Executing Time: 0.3677834 seconds. - 367.7834ms.

__________________________

31.03.2020 11:08:15:1845 WirelessManagement------>_IlockServices_DataAcknowledged : GeneralUtils, 1.0.2.0: 3/31/2020 11:08:15 AM->Access point Message acknowledgement: True
Access Point physical address  : 426327873
Ilock Name/address : 101
Message ID : 126
Error code : 0
Server side ID : False


__________________________

31.03.2020 11:39:14:4295 WirelessManagement------>_IlockServices_DataReveived : GeneralUtils, 1.0.2.0: 
3/31/2020 11:39:14 AM->
Access Point physical address  : 426327873
I-lock Physical address : 13107200 ->ID1: 200
Transaction retry count : 0
Signal Strength : -29
Message ID : 127
Data RCv   :  0xC8010E790503270B1F03E407E601000100B2
PACKAGE RECEIVED  :  3/31/2020 11:39:14 AM
TIME ELAPSED SINCE THE LAST PACKAGE  - Seconds :1859.8945644 s, Milliseconds: 1859894.5644 ms

__________________________

31.03.2020 11:39:14:6226 WirelessManagement------>_IlockServices_DataReveived : GeneralUtils, 1.0.2.0: 
Response Data Send  ( req/resp ack - (MSGID) 127 - lockid-> 200 ) :  0x200180A1
Executing Time: 0.193164 seconds. - 193.164ms.

__________________________

31.03.2020 11:39:14:6630 WirelessManagement------>_IlockServices_DataReveived : GeneralUtils, 1.0.2.0: 
------------------------------------  (Previously received data -> Alive Data) --------------------------------------
Lock State : NORMAL_CLOSE
Lock Alarm : DOOR_CONTACT_CLOSED
Lock Id : 13107200 -> 101
Lock Date : 31.03.2020 11:39:00
Fw Version : 14.01.03
Battery : 1
Voltage : 6.28112459182739 v
Executing Time: 0.2335538 seconds. - 233.5538ms.

__________________________

31.03.2020 11:39:15:0970 WirelessManagement------>_IlockServices_DataAcknowledged : GeneralUtils, 1.0.2.0: 3/31/2020 11:39:15 AM->Access point Message acknowledgement: True
Access Point physical address  : 426327873
Ilock Name/address : 101
Message ID : 127
Error code : 0
Server side ID : False


__________________________

31.03.2020 15:09:17:1647 WirelessManagement------>_IlockServices_DataReveived : GeneralUtils, 1.0.2.0: 
3/31/2020 3:09:17 PM->
Access Point physical address  : 426327873
I-lock Physical address : 13107200 ->ID1: 200
Transaction retry count : 0
Signal Strength : -30
Message ID : 128
Data RCv   :  0xC8010E790503090F1F03E407E701010100BC
PACKAGE RECEIVED  :  3/31/2020 3:09:17 PM
TIME ELAPSED SINCE THE LAST PACKAGE  - Seconds :12602.7252169 s, Milliseconds: 12602725.2169 ms

__________________________

31.03.2020 15:09:17:3826 WirelessManagement------>_IlockServices_DataReveived : GeneralUtils, 1.0.2.0: 
Response Data Send  ( req/resp ack - (MSGID) 128 - lockid-> 200 ) :  0x200180A1
Executing Time: 0.2188878 seconds. - 218.8878ms.

__________________________

31.03.2020 15:09:17:4156 WirelessManagement------>_IlockServices_DataReveived : GeneralUtils, 1.0.2.0: 
------------------------------------  (Previously received data -> Alive Data) --------------------------------------
Lock State : NORMAL_CLOSE
Lock Alarm : DOOR_CONTACT_CLOSED
Lock Id : 13107200 -> 101
Lock Date : 31.03.2020 15:09:00
Fw Version : 14.01.03
Battery : 1
Voltage : 6.28112459182739 v
Executing Time: 0.2519087 seconds. - 251.9087ms.

__________________________

31.03.2020 15:09:17:8198 WirelessManagement------>_IlockServices_DataAcknowledged : GeneralUtils, 1.0.2.0: 3/31/2020 3:09:17 PM->Access point Message acknowledgement: True
Access Point physical address  : 426327873
Ilock Name/address : 101
Message ID : 128
Error code : 0
Server side ID : False


__________________________

31.03.2020 15:50:29:8064 WirelessManagement------>_IlockServices_DataReveived : GeneralUtils, 1.0.2.0: 
3/31/2020 3:50:29 PM->
Access Point physical address  : 426327873
I-lock Physical address : 13107200 ->ID1: 200
Transaction retry count : 0
Signal Strength : -31
Message ID : 129
Data RCv   :  0xC8010E790503320F1F03E407E7010101007E
PACKAGE RECEIVED  :  3/31/2020 3:50:29 PM
TIME ELAPSED SINCE THE LAST PACKAGE  - Seconds :2472.6346866 s, Milliseconds: 2472634.6866 ms

__________________________

31.03.2020 15:50:30:1449 WirelessManagement------>_IlockServices_DataReveived : GeneralUtils, 1.0.2.0: 
Response Data Send  ( req/resp ack - (MSGID) 129 - lockid-> 200 ) :  0x200180A1
Executing Time: 0.339517 seconds. - 339.517ms.

__________________________

31.03.2020 15:50:30:1860 WirelessManagement------>_IlockServices_DataReveived : GeneralUtils, 1.0.2.0: 
------------------------------------  (Previously received data -> Alive Data) --------------------------------------
Lock State : NORMAL_CLOSE
Lock Alarm : DOOR_CONTACT_CLOSED
Lock Id : 13107200 -> 101
Lock Date : 31.03.2020 15:50:00
Fw Version : 14.01.03
Battery : 1
Voltage : 6.28112459182739 v
Executing Time: 0.3805943 seconds. - 380.5943ms.

__________________________

31.03.2020 15:50:38:8444 WirelessManagement------>_IlockServices_DataAcknowledged : GeneralUtils, 1.0.2.0: 3/31/2020 3:50:38 PM->Access point Message acknowledgement: True
Access Point physical address  : 426327873
Ilock Name/address : 101
Message ID : 129
Error code : 0
Server side ID : False


__________________________

31.03.2020 15:51:50:7104 WirelessManagement------>_IlockServices_DataReveived : GeneralUtils, 1.0.2.0: 
3/31/2020 3:51:50 PM->
Access Point physical address  : 426327873
I-lock Physical address : 13107200 ->ID1: 200
Transaction retry count : 0
Signal Strength : -32
Message ID : 130
Data RCv   :  0xC8010E790503330F1F03E407E601010100FC
PACKAGE RECEIVED  :  3/31/2020 3:51:50 PM
TIME ELAPSED SINCE THE LAST PACKAGE  - Seconds :80.8950262 s, Milliseconds: 80895.0262 ms

__________________________

31.03.2020 15:51:50:7501 WirelessManagement------>_IlockServices_DataReveived : GeneralUtils, 1.0.2.0: 
Response Data Send  ( req/resp ack - (MSGID) 130 - lockid-> 200 ) :  0x200180A1
Executing Time: 0.0387872 seconds. - 39.7707ms.

__________________________

31.03.2020 15:51:50:7652 WirelessManagement------>_IlockServices_DataReveived : GeneralUtils, 1.0.2.0: 
------------------------------------  (Previously received data -> Alive Data) --------------------------------------
Lock State : NORMAL_CLOSE
Lock Alarm : DOOR_CONTACT_CLOSED
Lock Id : 13107200 -> 101
Lock Date : 31.03.2020 15:51:00
Fw Version : 14.01.03
Battery : 1
Voltage : 6.28112459182739 v
Executing Time: 0.0537649 seconds. - 53.7649ms.

__________________________

31.03.2020 15:51:51:3836 WirelessManagement------>_IlockServices_DataAcknowledged : GeneralUtils, 1.0.2.0: 3/31/2020 3:51:51 PM->Access point Message acknowledgement: True
Access Point physical address  : 426327873
Ilock Name/address : 101
Message ID : 130
Error code : 0
Server side ID : False


__________________________

31.03.2020 16:19:22:6603 WirelessManagement------>_IlockServices_DataReveived : GeneralUtils, 1.0.2.0: 
3/31/2020 4:19:22 PM->
Access Point physical address  : 426327873
I-lock Physical address : 13107200 ->ID1: 200
Transaction retry count : 0
Signal Strength : -30
Message ID : 131
Data RCv   :  0xC8010E79050313101F03E407E60101010074
PACKAGE RECEIVED  :  3/31/2020 4:19:22 PM
TIME ELAPSED SINCE THE LAST PACKAGE  - Seconds :1651.9420834 s, Milliseconds: 1651942.0834 ms

__________________________

31.03.2020 16:19:22:9270 WirelessManagement------>_IlockServices_DataReveived : GeneralUtils, 1.0.2.0: 
Response Data Send  ( req/resp ack - (MSGID) 131 - lockid-> 200 ) :  0x200180A1
Executing Time: 0.2667712 seconds. - 266.7712ms.

__________________________

31.03.2020 16:19:22:9571 WirelessManagement------>_IlockServices_DataReveived : GeneralUtils, 1.0.2.0: 
------------------------------------  (Previously received data -> Alive Data) --------------------------------------
Lock State : NORMAL_CLOSE
Lock Alarm : DOOR_CONTACT_CLOSED
Lock Id : 13107200 -> 101
Lock Date : 31.03.2020 16:19:00
Fw Version : 14.01.03
Battery : 1
Voltage : 6.28112459182739 v
Executing Time: 0.2968962 seconds. - 296.8962ms.

__________________________

31.03.2020 16:19:23:2957 WirelessManagement------>_IlockServices_DataAcknowledged : GeneralUtils, 1.0.2.0: 3/31/2020 4:19:23 PM->Access point Message acknowledgement: True
Access Point physical address  : 426327873
Ilock Name/address : 101
Message ID : 131
Error code : 0
Server side ID : False


__________________________

31.03.2020 17:38:08:3509 WirelessManagement------>_IlockServices_DataReveived : GeneralUtils, 1.0.2.0: 
3/31/2020 5:38:08 PM->
Access Point physical address  : 426327873
I-lock Physical address : 13107200 ->ID1: 200
Transaction retry count : 0
Signal Strength : -31
Message ID : 132
Data RCv   :  0xC8010E79050325111F03E407E60101010085
PACKAGE RECEIVED  :  3/31/2020 5:38:08 PM
TIME ELAPSED SINCE THE LAST PACKAGE  - Seconds :4725.6796127 s, Milliseconds: 4725679.6127 ms

__________________________

31.03.2020 17:38:08:5684 WirelessManagement------>_IlockServices_DataReveived : GeneralUtils, 1.0.2.0: 
Response Data Send  ( req/resp ack - (MSGID) 132 - lockid-> 200 ) :  0x200180A1
Executing Time: 0.2175468 seconds. - 217.5468ms.

__________________________

31.03.2020 17:38:08:5950 WirelessManagement------>_IlockServices_DataReveived : GeneralUtils, 1.0.2.0: 
------------------------------------  (Previously received data -> Alive Data) --------------------------------------
Lock State : NORMAL_CLOSE
Lock Alarm : DOOR_CONTACT_CLOSED
Lock Id : 13107200 -> 101
Lock Date : 31.03.2020 17:37:00
Fw Version : 14.01.03
Battery : 1
Voltage : 6.28112459182739 v
Executing Time: 0.2441329 seconds. - 244.1329ms.

__________________________

31.03.2020 17:38:08:9864 WirelessManagement------>_IlockServices_DataAcknowledged : GeneralUtils, 1.0.2.0: 3/31/2020 5:38:08 PM->Access point Message acknowledgement: True
Access Point physical address  : 426327873
Ilock Name/address : 101
Message ID : 132
Error code : 0
Server side ID : False


__________________________

31.03.2020 18:37:40:8486 WirelessManagement------>_IlockServices_DataReveived : GeneralUtils, 1.0.2.0: 
3/31/2020 6:37:40 PM->
Access Point physical address  : 426327873
I-lock Physical address : 13107200 ->ID1: 200
Transaction retry count : 0
Signal Strength : -30
Message ID : 133
Data RCv   :  0xC8010E79050325121F03E407E601110100AF
PACKAGE RECEIVED  :  3/31/2020 6:37:40 PM
TIME ELAPSED SINCE THE LAST PACKAGE  - Seconds :3572.4878066 s, Milliseconds: 3572487.8066 ms

__________________________

31.03.2020 18:37:41:0266 WirelessManagement------>_IlockServices_DataReveived : GeneralUtils, 1.0.2.0: 
Response Data Send  ( req/resp ack - (MSGID) 133 - lockid-> 200 ) :  0x200180A1
Executing Time: 0.1789055 seconds. - 178.9055ms.

__________________________

31.03.2020 18:37:41:0416 WirelessManagement------>_IlockServices_DataReveived : GeneralUtils, 1.0.2.0: 
------------------------------------  (Previously received data -> Alive Data) --------------------------------------
Lock State : NORMAL_CLOSE
Lock Alarm : DOOR_CONTACT_CLOSED
Lock Id : 13107200 -> 101
Lock Date : 31.03.2020 18:37:00
Fw Version : 14.01.03
Battery : 1
Voltage : 6.28112459182739 v
Executing Time: 0.1939556 seconds. - 193.9556ms.

__________________________

31.03.2020 18:37:41:4938 WirelessManagement------>_IlockServices_DataAcknowledged : GeneralUtils, 1.0.2.0: 3/31/2020 6:37:41 PM->Access point Message acknowledgement: True
Access Point physical address  : 426327873
Ilock Name/address : 101
Message ID : 133
Error code : 0
Server side ID : False


__________________________

31.03.2020 19:26:44:1683 WirelessManagement------>_IlockServices_DataReveived : GeneralUtils, 1.0.2.0: 
3/31/2020 7:26:44 PM->
Access Point physical address  : 426327873
I-lock Physical address : 13107200 ->ID1: 200
Transaction retry count : 0
Signal Strength : -32
Message ID : 134
Data RCv   :  0xC8010E7905031A131F03E407E701110100A9
PACKAGE RECEIVED  :  3/31/2020 7:26:44 PM
TIME ELAPSED SINCE THE LAST PACKAGE  - Seconds :2943.306629 s, Milliseconds: 2943306.629 ms

__________________________

31.03.2020 19:26:44:7081 WirelessManagement------>_IlockServices_DataReveived : GeneralUtils, 1.0.2.0: 
Response Data Send  ( req/resp ack - (MSGID) 134 - lockid-> 200 ) :  0x200180A1
Executing Time: 0.5398815 seconds. - 539.8815ms.

__________________________

31.03.2020 19:26:44:7627 WirelessManagement------>_IlockServices_DataReveived : GeneralUtils, 1.0.2.0: 
------------------------------------  (Previously received data -> Alive Data) --------------------------------------
Lock State : NORMAL_CLOSE
Lock Alarm : DOOR_CONTACT_CLOSED
Lock Id : 13107200 -> 101
Lock Date : 31.03.2020 19:26:00
Fw Version : 14.01.03
Battery : 1
Voltage : 6.28112459182739 v
Executing Time: 0.5934174 seconds. - 593.4174ms.

__________________________

31.03.2020 19:26:44:7917 WirelessManagement------>_IlockServices_DataAcknowledged : GeneralUtils, 1.0.2.0: 3/31/2020 7:26:44 PM->Access point Message acknowledgement: True
Access Point physical address  : 426327873
Ilock Name/address : 101
Message ID : 134
Error code : 0
Server side ID : False


__________________________

31.03.2020 19:27:00:3801 WirelessManagement------>_IlockServices_DataReveived : GeneralUtils, 1.0.2.0: 
3/31/2020 7:27:00 PM->
Access Point physical address  : 426327873
I-lock Physical address : 13107200 ->ID1: 200
Transaction retry count : 0
Signal Strength : -30
Message ID : 135
Data RCv   :  0xC8010E7905031A131F03E407E60101010006
PACKAGE RECEIVED  :  3/31/2020 7:27:00 PM
TIME ELAPSED SINCE THE LAST PACKAGE  - Seconds :15.9197722 s, Milliseconds: 15919.7722 ms

__________________________

31.03.2020 19:27:00:4351 WirelessManagement------>_IlockServices_DataReveived : GeneralUtils, 1.0.2.0: 
Response Data Send  ( req/resp ack - (MSGID) 135 - lockid-> 200 ) :  0x200180A1
Executing Time: 0.054979 seconds. - 54.979ms.

__________________________

31.03.2020 19:27:00:4481 WirelessManagement------>_IlockServices_DataReveived : GeneralUtils, 1.0.2.0: 
------------------------------------  (Previously received data -> Alive Data) --------------------------------------
Lock State : NORMAL_CLOSE
Lock Alarm : DOOR_CONTACT_CLOSED
Lock Id : 13107200 -> 101
Lock Date : 31.03.2020 19:26:00
Fw Version : 14.01.03
Battery : 1
Voltage : 6.28112459182739 v
Executing Time: 0.0679734 seconds. - 67.9734ms.

__________________________

31.03.2020 19:27:01:0360 WirelessManagement------>_IlockServices_DataAcknowledged : GeneralUtils, 1.0.2.0: 3/31/2020 7:27:01 PM->Access point Message acknowledgement: True
Access Point physical address  : 426327873
Ilock Name/address : 101
Message ID : 135
Error code : 0
Server side ID : False


__________________________

31.03.2020 21:15:17:7710 WirelessManagement------>_IlockServices_DataReveived : GeneralUtils, 1.0.2.0: 
3/31/2020 9:15:17 PM->
Access Point physical address  : 426327873
I-lock Physical address : 13107200 ->ID1: 200
Transaction retry count : 0
Signal Strength : -32
Message ID : 136
Data RCv   :  0xC8010E7905030F151F03E407E701010100D8
PACKAGE RECEIVED  :  3/31/2020 9:15:17 PM
TIME ELAPSED SINCE THE LAST PACKAGE  - Seconds :6497.3709511 s, Milliseconds: 6497370.9511 ms

__________________________

31.03.2020 21:15:18:0504 WirelessManagement------>_IlockServices_DataReveived : GeneralUtils, 1.0.2.0: 
Response Data Send  ( req/resp ack - (MSGID) 136 - lockid-> 200 ) :  0x200180A1
Executing Time: 0.2803731 seconds. - 280.3731ms.

__________________________

31.03.2020 21:15:18:0674 WirelessManagement------>_IlockServices_DataReveived : GeneralUtils, 1.0.2.0: 
------------------------------------  (Previously received data -> Alive Data) --------------------------------------
Lock State : NORMAL_CLOSE
Lock Alarm : DOOR_CONTACT_CLOSED
Lock Id : 13107200 -> 101
Lock Date : 31.03.2020 21:15:00
Fw Version : 14.01.03
Battery : 1
Voltage : 6.28112459182739 v
Executing Time: 0.297351 seconds. - 297.351ms.

__________________________

31.03.2020 21:15:18:4271 WirelessManagement------>_IlockServices_DataAcknowledged : GeneralUtils, 1.0.2.0: 3/31/2020 9:15:18 PM->Access point Message acknowledgement: True
Access Point physical address  : 426327873
Ilock Name/address : 101
Message ID : 136
Error code : 0
Server side ID : False


__________________________

31.03.2020 23:48:20:5552 WirelessManagement------>_IlockServices_DataReveived : GeneralUtils, 1.0.2.0: 
3/31/2020 11:48:20 PM->
Access Point physical address  : 426327873
I-lock Physical address : 13107200 ->ID1: 200
Transaction retry count : 0
Signal Strength : -31
Message ID : 137
Data RCv   :  0xC8010E79050330171F03E407E7010101005B
PACKAGE RECEIVED  :  3/31/2020 11:48:20 PM
TIME ELAPSED SINCE THE LAST PACKAGE  - Seconds :9182.7711875 s, Milliseconds: 9182771.1875 ms

__________________________

31.03.2020 23:48:20:7091 WirelessManagement------>_IlockServices_DataReveived : GeneralUtils, 1.0.2.0: 
Response Data Send  ( req/resp ack - (MSGID) 137 - lockid-> 200 ) :  0x200180A1
Executing Time: 0.1529089 seconds. - 152.9089ms.

__________________________

31.03.2020 23:48:20:7231 WirelessManagement------>_IlockServices_DataReveived : GeneralUtils, 1.0.2.0: 
------------------------------------  (Previously received data -> Alive Data) --------------------------------------
Lock State : NORMAL_CLOSE
Lock Alarm : DOOR_CONTACT_CLOSED
Lock Id : 13107200 -> 101
Lock Date : 31.03.2020 23:48:00
Fw Version : 14.01.03
Battery : 1
Voltage : 6.28112459182739 v
Executing Time: 0.166902 seconds. - 166.902ms.

__________________________

31.03.2020 23:48:21:2214 WirelessManagement------>_IlockServices_DataAcknowledged : GeneralUtils, 1.0.2.0: 3/31/2020 11:48:21 PM->Access point Message acknowledgement: True
Access Point physical address  : 426327873
Ilock Name/address : 101
Message ID : 137
Error code : 0
Server side ID : False


__________________________

